2021-04-18 21:35:29,414 [INFO] Activator:170 - 


2021-04-18 21:35:29,417 [INFO] Activator:171 - !SESSION log4j initialized
2021-04-18 21:58:14,991 [INFO] Activator:170 - 


2021-04-18 21:58:14,995 [INFO] Activator:171 - !SESSION log4j initialized
2021-04-19 08:08:19,004 [INFO] Activator:170 - 


2021-04-19 08:08:19,012 [INFO] Activator:171 - !SESSION log4j initialized
2021-04-19 12:39:29,252 [INFO] McuFinderGlobals:40 - Set McuFinder mode to 2 (CubeIDE integrated)
2021-04-19 12:39:41,854 [INFO] ApplicationProperties:181 - Using Application install path: C:\ST\STM32CubeIDE_1.5.1\STM32CubeIDE\plugins\com.st.stm32cube.common.mx_6.1.1.202012091304
2021-04-19 12:39:41,878 [INFO] DbMcusXml:71 - Set database path to: C:\ST\STM32CubeIDE_1.5.1\STM32CubeIDE\plugins\com.st.stm32cube.common.mx_6.1.1.202012091304\\db\/mcu/
2021-04-19 12:39:41,887 [INFO] DbBoardsPdsc:57 - Set plugin database path to: C:\ST\STM32CubeIDE_1.5.1\STM32CubeIDE\plugins\com.st.stm32cube.common.mx_6.1.1.202012091304\\db\/plugins/boardmanager/
2021-04-19 12:39:41,887 [INFO] DbMcus:259 - Set plugin images path to: C:\ST\STM32CubeIDE_1.5.1\STM32CubeIDE\plugins\com.st.stm32cube.common.mx_6.1.1.202012091304\\db\/plugins/mcufinder/images/
2021-04-19 12:39:41,888 [INFO] DbBoards:265 - Set plugin images path to: C:\ST\STM32CubeIDE_1.5.1\STM32CubeIDE\plugins\com.st.stm32cube.common.mx_6.1.1.202012091304\\db\/plugins/mcufinder/images/
2021-04-19 12:39:41,890 [INFO] DbExamples:329 - Set plugin images path to: C:\ST\STM32CubeIDE_1.5.1\STM32CubeIDE\plugins\com.st.stm32cube.common.mx_6.1.1.202012091304\\db\/plugins/mcufinder/images/
2021-04-19 12:39:41,910 [INFO] DbMcusDocs:112 - Set database path to: C:\Users\thoma\.stmcufinder\plugins\mcufinder//mcu/
2021-04-19 12:39:41,910 [INFO] DbMcusJson:63 - Set database path to: C:\Users\thoma\.stmcufinder\plugins\mcufinder//mcu/
2021-04-19 12:39:41,910 [INFO] DbBoardsDocs:112 - Set database path to: C:\Users\thoma\.stmcufinder\plugins\mcufinder//mcu/
2021-04-19 12:39:41,916 [INFO] DbBoardsJson:56 - Set database path to: C:\Users\thoma\.stmcufinder\plugins\mcufinder//mcu/
2021-04-19 12:39:41,927 [INFO] CrossReferenceDbSqlite:196 - Set database path to: C:\Users\thoma\.stmcufinder\plugins\mcufinder//mcu/cs/
2021-04-19 12:39:41,928 [INFO] DbExamplesSqlite:699 - Set database path to: C:\Users\thoma\.stmcufinder\plugins\mcufinder//mcu/
2021-04-19 12:39:42,183 [INFO] RulesReader:52 - Compatibility file has been processed (228 Rules)
2021-04-19 12:39:42,361 [INFO] MicroXplorer:565 - Detected Java Version = 1.8.0_272
2021-04-19 12:39:42,361 [INFO] DbMcusXml:71 - Set database path to: C:\ST\STM32CubeIDE_1.5.1\STM32CubeIDE\plugins\com.st.stm32cube.common.mx_6.1.1.202012091304\\db\/mcu/
2021-04-19 12:39:42,364 [INFO] DbBoardsPdsc:57 - Set plugin database path to: C:\ST\STM32CubeIDE_1.5.1\STM32CubeIDE\plugins\com.st.stm32cube.common.mx_6.1.1.202012091304\\db\/plugins/boardmanager/
2021-04-19 12:39:42,365 [INFO] DbMcus:259 - Set plugin images path to: C:\ST\STM32CubeIDE_1.5.1\STM32CubeIDE\plugins\com.st.stm32cube.common.mx_6.1.1.202012091304\\db\/plugins/mcufinder/images/
2021-04-19 12:39:42,365 [INFO] DbBoards:265 - Set plugin images path to: C:\ST\STM32CubeIDE_1.5.1\STM32CubeIDE\plugins\com.st.stm32cube.common.mx_6.1.1.202012091304\\db\/plugins/mcufinder/images/
2021-04-19 12:39:42,366 [INFO] DbExamples:329 - Set plugin images path to: C:\ST\STM32CubeIDE_1.5.1\STM32CubeIDE\plugins\com.st.stm32cube.common.mx_6.1.1.202012091304\\db\/plugins/mcufinder/images/
2021-04-19 12:39:42,366 [WARN] DbFile:36 - Overriding database path with different value: C:\Users\thoma\.stmcufinder\plugins\mcufinder/ => C:\Users\thoma\.stmcufinder\plugins\mcufinder
2021-04-19 12:39:42,367 [INFO] DbMcusDocs:112 - Set database path to: C:\Users\thoma\.stmcufinder\plugins\mcufinder//mcu/
2021-04-19 12:39:42,368 [WARN] DbFile:36 - Overriding database path with different value: C:\Users\thoma\.stmcufinder\plugins\mcufinder/ => C:\Users\thoma\.stmcufinder\plugins\mcufinder
2021-04-19 12:39:42,368 [INFO] DbMcusJson:63 - Set database path to: C:\Users\thoma\.stmcufinder\plugins\mcufinder//mcu/
2021-04-19 12:39:42,369 [WARN] DbFile:36 - Overriding database path with different value: C:\Users\thoma\.stmcufinder\plugins\mcufinder/ => C:\Users\thoma\.stmcufinder\plugins\mcufinder
2021-04-19 12:39:42,369 [INFO] DbBoardsDocs:112 - Set database path to: C:\Users\thoma\.stmcufinder\plugins\mcufinder//mcu/
2021-04-19 12:39:42,369 [WARN] DbFile:36 - Overriding database path with different value: C:\Users\thoma\.stmcufinder\plugins\mcufinder/ => C:\Users\thoma\.stmcufinder\plugins\mcufinder
2021-04-19 12:39:42,370 [INFO] DbBoardsJson:56 - Set database path to: C:\Users\thoma\.stmcufinder\plugins\mcufinder//mcu/
2021-04-19 12:39:42,370 [WARN] DbFile:36 - Overriding database path with different value: C:\Users\thoma\.stmcufinder\plugins\mcufinder/ => C:\Users\thoma\.stmcufinder\plugins\mcufinder
2021-04-19 12:39:42,370 [WARN] DbFile:36 - Overriding database path with different value: C:\Users\thoma\.stmcufinder\plugins\mcufinder/ => C:\Users\thoma\.stmcufinder\plugins\mcufinder
2021-04-19 12:39:42,371 [INFO] CrossReferenceDbSqlite:196 - Set database path to: C:\Users\thoma\.stmcufinder\plugins\mcufinder//mcu/cs/
2021-04-19 12:39:42,371 [WARN] DbFile:36 - Overriding database path with different value: C:\Users\thoma\.stmcufinder\plugins\mcufinder/ => C:\Users\thoma\.stmcufinder\plugins\mcufinder
2021-04-19 12:39:42,372 [INFO] DbExamplesSqlite:699 - Set database path to: C:\Users\thoma\.stmcufinder\plugins\mcufinder//mcu/
2021-04-19 12:39:42,529 [INFO] MainPanel:190 - HeapMemory: 400556032
2021-04-19 12:39:42,760 [INFO] DbMcusXml:71 - Set database path to: C:\ST\STM32CubeIDE_1.5.1\STM32CubeIDE\plugins\com.st.stm32cube.common.mx_6.1.1.202012091304\\db\/mcu/
2021-04-19 12:39:42,760 [INFO] DbBoardsPdsc:57 - Set plugin database path to: C:\ST\STM32CubeIDE_1.5.1\STM32CubeIDE\plugins\com.st.stm32cube.common.mx_6.1.1.202012091304\\db\/plugins/boardmanager/
2021-04-19 12:39:42,760 [INFO] DbMcus:259 - Set plugin images path to: C:\ST\STM32CubeIDE_1.5.1\STM32CubeIDE\plugins\com.st.stm32cube.common.mx_6.1.1.202012091304\\db\/plugins/mcufinder/images/
2021-04-19 12:39:42,760 [INFO] DbBoards:265 - Set plugin images path to: C:\ST\STM32CubeIDE_1.5.1\STM32CubeIDE\plugins\com.st.stm32cube.common.mx_6.1.1.202012091304\\db\/plugins/mcufinder/images/
2021-04-19 12:39:42,760 [INFO] DbExamples:329 - Set plugin images path to: C:\ST\STM32CubeIDE_1.5.1\STM32CubeIDE\plugins\com.st.stm32cube.common.mx_6.1.1.202012091304\\db\/plugins/mcufinder/images/
2021-04-19 12:39:42,760 [WARN] DbFile:36 - Overriding database path with different value: C:\Users\thoma\.stmcufinder\plugins\mcufinder/ => C:\Users\thoma\.stmcufinder\plugins\mcufinder
2021-04-19 12:39:42,760 [INFO] DbMcusDocs:112 - Set database path to: C:\Users\thoma\.stmcufinder\plugins\mcufinder//mcu/
2021-04-19 12:39:42,760 [WARN] DbFile:36 - Overriding database path with different value: C:\Users\thoma\.stmcufinder\plugins\mcufinder/ => C:\Users\thoma\.stmcufinder\plugins\mcufinder
2021-04-19 12:39:42,760 [INFO] DbMcusJson:63 - Set database path to: C:\Users\thoma\.stmcufinder\plugins\mcufinder//mcu/
2021-04-19 12:39:42,760 [WARN] DbFile:36 - Overriding database path with different value: C:\Users\thoma\.stmcufinder\plugins\mcufinder/ => C:\Users\thoma\.stmcufinder\plugins\mcufinder
2021-04-19 12:39:42,765 [INFO] DbBoardsDocs:112 - Set database path to: C:\Users\thoma\.stmcufinder\plugins\mcufinder//mcu/
2021-04-19 12:39:42,765 [WARN] DbFile:36 - Overriding database path with different value: C:\Users\thoma\.stmcufinder\plugins\mcufinder/ => C:\Users\thoma\.stmcufinder\plugins\mcufinder
2021-04-19 12:39:42,765 [INFO] DbBoardsJson:56 - Set database path to: C:\Users\thoma\.stmcufinder\plugins\mcufinder//mcu/
2021-04-19 12:39:42,765 [WARN] DbFile:36 - Overriding database path with different value: C:\Users\thoma\.stmcufinder\plugins\mcufinder/ => C:\Users\thoma\.stmcufinder\plugins\mcufinder
2021-04-19 12:39:42,765 [WARN] DbFile:36 - Overriding database path with different value: C:\Users\thoma\.stmcufinder\plugins\mcufinder/ => C:\Users\thoma\.stmcufinder\plugins\mcufinder
2021-04-19 12:39:42,768 [INFO] CrossReferenceDbSqlite:196 - Set database path to: C:\Users\thoma\.stmcufinder\plugins\mcufinder//mcu/cs/
2021-04-19 12:39:42,769 [WARN] DbFile:36 - Overriding database path with different value: C:\Users\thoma\.stmcufinder\plugins\mcufinder/ => C:\Users\thoma\.stmcufinder\plugins\mcufinder
2021-04-19 12:39:42,769 [INFO] DbExamplesSqlite:699 - Set database path to: C:\Users\thoma\.stmcufinder\plugins\mcufinder//mcu/
2021-04-19 12:39:42,799 [INFO] ApplicationProperties:181 - Using Application install path: C:\ST\STM32CubeIDE_1.5.1\STM32CubeIDE\plugins\com.st.stm32cube.common.mx_6.1.1.202012091304
2021-04-19 12:39:42,800 [INFO] PluginManage:178 - Search for loadable plugins [exclusion list=, ]
2021-04-19 12:39:42,805 [INFO] PluginManage:292 - Check plugin analytics
2021-04-19 12:39:43,211 [INFO] AnalyticsPlugin:225 - Accepted Software Licenses: 
2021-04-19 12:39:43,212 [INFO] AnalyticsPlugin:227 - Accepted CMSIS Pack Licenses: 
2021-04-19 12:39:43,213 [INFO] AnalyticsPlugin:229 - Accepted Firmware Licenses: 
2021-04-19 12:39:43,215 [INFO] PluginManage:342 - Loaded plugin analytics (category:tool,tabindex:-1)
2021-04-19 12:39:43,215 [INFO] PluginManage:292 - Check plugin clock
2021-04-19 12:39:43,251 [INFO] PluginManage:342 - Loaded plugin clock (category:base,tabindex:2)
2021-04-19 12:39:43,253 [INFO] PluginManage:292 - Check plugin ddr
2021-04-19 12:39:43,259 [INFO] PluginManage:342 - Loaded plugin ddr (category:tool,tabindex:6)
2021-04-19 12:39:43,259 [INFO] PluginManage:292 - Check plugin filemanager
2021-04-19 12:39:43,514 [INFO] PluginManage:342 - Loaded plugin filemanager (category:base,tabindex:10)
2021-04-19 12:39:43,515 [INFO] PluginManage:292 - Check plugin ipmanager
2021-04-19 12:39:43,526 [INFO] PluginManage:342 - Loaded plugin ipmanager (category:base,tabindex:5)
2021-04-19 12:39:43,526 [INFO] PluginManage:292 - Check plugin pinoutandconfiguration
2021-04-19 12:39:43,552 [INFO] PluginManage:342 - Loaded plugin pinoutandconfiguration (category:base,tabindex:1)
2021-04-19 12:39:43,552 [INFO] PluginManage:292 - Check plugin pinoutconfig
2021-04-19 12:39:43,606 [INFO] PluginManage:342 - Loaded plugin pinoutconfig (category:base,tabindex:0)
2021-04-19 12:39:43,606 [INFO] PluginManage:292 - Check plugin power
2021-04-19 12:39:43,649 [INFO] PluginManage:342 - Loaded plugin power (category:power,tabindex:4)
2021-04-19 12:39:43,650 [INFO] PluginManage:292 - Check plugin projectmanager
2021-04-19 12:39:43,770 [INFO] PluginManage:342 - Loaded plugin projectmanager (category:projectmanager,tabindex:3)
2021-04-19 12:39:43,770 [INFO] PluginManage:292 - Check plugin thirdparty
2021-04-19 12:39:44,020 [INFO] PluginManage:342 - Loaded plugin thirdparty (category:base,tabindex:-1)
2021-04-19 12:39:44,020 [INFO] PluginManage:292 - Check plugin tools
2021-04-19 12:39:44,030 [INFO] PluginManage:342 - Loaded plugin tools (category:base,tabindex:7)
2021-04-19 12:39:44,030 [INFO] PluginManage:292 - Check plugin tutovideos
2021-04-19 12:39:44,032 [WARN] IntegrityCheckThread:59 - waiting for thirdparty lock release [integrity check]
2021-04-19 12:39:44,034 [INFO] IntegrityCheckThread:61 - entering critical section [integrity check]
2021-04-19 12:39:44,034 [INFO] ThirdPartyUpdaterWithRetryManager:56 - Updater plugin not ready yet. [1/15]
2021-04-19 12:39:44,500 [INFO] PluginManage:342 - Loaded plugin tutovideos (category:base,tabindex:-1)
2021-04-19 12:39:44,500 [INFO] PluginManage:292 - Check plugin updater
2021-04-19 12:39:44,530 [INFO] PluginManage:342 - Loaded plugin updater (category:base,tabindex:12)
2021-04-19 12:39:44,531 [INFO] PluginManage:265 - PluginManage : Loaded plugins [13]
2021-04-19 12:39:44,877 [INFO] PinOutPanel:1434 - setPackage(No Configuration,No Configuration)
2021-04-19 12:39:45,087 [INFO] IPUIPlugin:64 - create IPUIPlugin
2021-04-19 12:39:45,088 [INFO] PluginManager:203 - loadIPPluginJar : add adc
2021-04-19 12:39:45,095 [INFO] IPUIPlugin:64 - create IPUIPlugin
2021-04-19 12:39:45,096 [INFO] PluginManager:203 - loadIPPluginJar : add aes
2021-04-19 12:39:45,103 [INFO] IPUIPlugin:64 - create IPUIPlugin
2021-04-19 12:39:45,104 [INFO] PluginManager:203 - loadIPPluginJar : add can
2021-04-19 12:39:45,109 [INFO] IPUIPlugin:64 - create IPUIPlugin
2021-04-19 12:39:45,110 [INFO] PluginManager:203 - loadIPPluginJar : add comp
2021-04-19 12:39:45,116 [INFO] IPUIPlugin:64 - create IPUIPlugin
2021-04-19 12:39:45,117 [INFO] PluginManager:203 - loadIPPluginJar : add cryp
2021-04-19 12:39:45,124 [INFO] IPUIPlugin:64 - create IPUIPlugin
2021-04-19 12:39:45,125 [INFO] PluginManager:203 - loadIPPluginJar : add dfsdm
2021-04-19 12:39:45,139 [INFO] IPUIPlugin:64 - create IPUIPlugin
2021-04-19 12:39:45,140 [INFO] PluginManager:203 - loadIPPluginJar : add dma
2021-04-19 12:39:45,145 [INFO] IPUIPlugin:64 - create IPUIPlugin
2021-04-19 12:39:45,146 [INFO] PluginManager:203 - loadIPPluginJar : add fatfs
2021-04-19 12:39:45,157 [INFO] IPUIPlugin:64 - create IPUIPlugin
2021-04-19 12:39:45,158 [INFO] PluginManager:203 - loadIPPluginJar : add fmc
2021-04-19 12:39:45,171 [INFO] IPUIPlugin:64 - create IPUIPlugin
2021-04-19 12:39:45,172 [INFO] PluginManager:203 - loadIPPluginJar : add freertos
2021-04-19 12:39:45,175 [INFO] IPUIPlugin:64 - create IPUIPlugin
2021-04-19 12:39:45,176 [INFO] PluginManager:203 - loadIPPluginJar : add genericplugin
2021-04-19 12:39:45,180 [INFO] IPUIPlugin:64 - create IPUIPlugin
2021-04-19 12:39:45,180 [INFO] PluginManager:203 - loadIPPluginJar : add gfxmmu
2021-04-19 12:39:45,187 [INFO] IPUIPlugin:64 - create IPUIPlugin
2021-04-19 12:39:45,187 [INFO] PluginManager:203 - loadIPPluginJar : add gic
2021-04-19 12:39:45,199 [INFO] IPUIPlugin:64 - create IPUIPlugin
2021-04-19 12:39:45,199 [INFO] PluginManager:203 - loadIPPluginJar : add gpio
2021-04-19 12:39:45,205 [INFO] IPUIPlugin:64 - create IPUIPlugin
2021-04-19 12:39:45,205 [INFO] PluginManager:203 - loadIPPluginJar : add gtzc
2021-04-19 12:39:45,210 [INFO] IPUIPlugin:64 - create IPUIPlugin
2021-04-19 12:39:45,210 [INFO] PluginManager:203 - loadIPPluginJar : add hash
2021-04-19 12:39:45,216 [INFO] IPUIPlugin:64 - create IPUIPlugin
2021-04-19 12:39:45,216 [INFO] PluginManager:203 - loadIPPluginJar : add i2c
2021-04-19 12:39:45,220 [INFO] IPUIPlugin:64 - create IPUIPlugin
2021-04-19 12:39:45,220 [INFO] PluginManager:203 - loadIPPluginJar : add i2s
2021-04-19 12:39:45,225 [INFO] IPUIPlugin:64 - create IPUIPlugin
2021-04-19 12:39:45,225 [INFO] PluginManager:203 - loadIPPluginJar : add ipddr
2021-04-19 12:39:45,235 [INFO] IPUIPlugin:64 - create IPUIPlugin
2021-04-19 12:39:45,235 [INFO] PluginManager:203 - loadIPPluginJar : add lorawan
2021-04-19 12:39:45,237 [INFO] IPUIPlugin:64 - create IPUIPlugin
2021-04-19 12:39:45,240 [INFO] PluginManager:203 - loadIPPluginJar : add ltdc
2021-04-19 12:39:45,249 [INFO] IPUIPlugin:64 - create IPUIPlugin
2021-04-19 12:39:45,249 [INFO] PluginManager:203 - loadIPPluginJar : add mdma
2021-04-19 12:39:45,256 [INFO] IPUIPlugin:64 - create IPUIPlugin
2021-04-19 12:39:45,258 [INFO] PluginManager:203 - loadIPPluginJar : add nvic
2021-04-19 12:39:45,264 [INFO] IPUIPlugin:64 - create IPUIPlugin
2021-04-19 12:39:45,265 [INFO] PluginManager:203 - loadIPPluginJar : add opamp
2021-04-19 12:39:45,269 [INFO] IPUIPlugin:64 - create IPUIPlugin
2021-04-19 12:39:45,269 [INFO] PluginManager:203 - loadIPPluginJar : add openamp
2021-04-19 12:39:45,280 [INFO] IPUIPlugin:64 - create IPUIPlugin
2021-04-19 12:39:45,280 [INFO] PluginManager:203 - loadIPPluginJar : add pdm2pcm
2021-04-19 12:39:45,302 [INFO] IPUIPlugin:64 - create IPUIPlugin
2021-04-19 12:39:45,311 [INFO] PluginManager:203 - loadIPPluginJar : add plateformsettings
2021-04-19 12:39:45,316 [INFO] IPUIPlugin:64 - create IPUIPlugin
2021-04-19 12:39:45,316 [INFO] PluginManager:203 - loadIPPluginJar : add quadspi
2021-04-19 12:39:45,325 [INFO] IPUIPlugin:64 - create IPUIPlugin
2021-04-19 12:39:45,325 [INFO] PluginManager:203 - loadIPPluginJar : add resmgrutility
2021-04-19 12:39:45,329 [INFO] IPUIPlugin:64 - create IPUIPlugin
2021-04-19 12:39:45,329 [INFO] PluginManager:203 - loadIPPluginJar : add sai
2021-04-19 12:39:45,339 [INFO] IPUIPlugin:64 - create IPUIPlugin
2021-04-19 12:39:45,339 [INFO] PluginManager:203 - loadIPPluginJar : add spi
2021-04-19 12:39:45,346 [INFO] IPUIPlugin:64 - create IPUIPlugin
2021-04-19 12:39:45,346 [INFO] PluginManager:203 - loadIPPluginJar : add stm32_wpan
2021-04-19 12:39:45,351 [INFO] IPUIPlugin:64 - create IPUIPlugin
2021-04-19 12:39:45,351 [INFO] PluginManager:203 - loadIPPluginJar : add tim
2021-04-19 12:39:45,360 [INFO] IPUIPlugin:64 - create IPUIPlugin
2021-04-19 12:39:45,360 [INFO] PluginManager:203 - loadIPPluginJar : add touchsensing
2021-04-19 12:39:45,364 [INFO] IPUIPlugin:64 - create IPUIPlugin
2021-04-19 12:39:45,365 [INFO] PluginManager:203 - loadIPPluginJar : add tracer_emb
2021-04-19 12:39:45,368 [INFO] IPUIPlugin:64 - create IPUIPlugin
2021-04-19 12:39:45,368 [INFO] PluginManager:203 - loadIPPluginJar : add ts
2021-04-19 12:39:45,374 [INFO] IPUIPlugin:64 - create IPUIPlugin
2021-04-19 12:39:45,374 [INFO] PluginManager:203 - loadIPPluginJar : add tsc
2021-04-19 12:39:45,378 [INFO] IPUIPlugin:64 - create IPUIPlugin
2021-04-19 12:39:45,378 [INFO] PluginManager:203 - loadIPPluginJar : add ucpd
2021-04-19 12:39:45,385 [INFO] IPUIPlugin:64 - create IPUIPlugin
2021-04-19 12:39:45,385 [INFO] PluginManager:203 - loadIPPluginJar : add usart
2021-04-19 12:39:45,935 [FATAL] Updater:284 - Updater called before beeing initialized
2021-04-19 12:39:46,141 [FATAL] Updater:284 - Updater called before beeing initialized
2021-04-19 12:39:46,233 [WARN] DetailPanel:347 - Failed to get advertising image, set to default
2021-04-19 12:39:46,257 [FATAL] Updater:284 - Updater called before beeing initialized
2021-04-19 12:39:46,257 [WARN] DetailPanel:347 - Failed to get advertising image, set to default
2021-04-19 12:39:46,518 [FATAL] Updater:284 - Updater called before beeing initialized
2021-04-19 12:39:46,519 [WARN] ThirdParty:783 - waiting for thirdparty lock release [close project]
2021-04-19 12:39:47,046 [INFO] ThirdPartyUpdaterWithRetryManager:56 - Updater plugin not ready yet. [2/15]
2021-04-19 12:39:50,056 [FATAL] Updater:284 - Updater called before beeing initialized
2021-04-19 12:39:50,058 [ERROR] AbstractThirdPartyUpdaterManager:153 - java.lang.Integer cannot be cast to java.util.List
2021-04-19 12:39:50,058 [INFO] ThirdParty:887 - Integrity check success = false
2021-04-19 12:39:50,059 [INFO] IntegrityCheckThread:75 - exiting critical section [integrity check]
2021-04-19 12:39:50,059 [INFO] IntegrityCheckThread:78 - End integrity checks thread
2021-04-19 12:39:50,060 [INFO] ThirdParty:785 - entering critical section [close project]
2021-04-19 12:39:50,060 [INFO] ThirdParty:796 - exiting critical section [close project]
2021-04-19 12:39:50,075 [INFO] PinOutPanel:1434 - setPackage(No Configuration,No Configuration)
2021-04-19 12:39:50,075 [FATAL] Updater:284 - Updater called before beeing initialized
2021-04-19 12:39:50,146 [ERROR] Updater:1065 - MainUpdater not yet initialized. External WinMGr cannot be set.
2021-04-19 12:39:50,154 [INFO] Updater:1002 - Updater Version found : 6.1.1
2021-04-19 12:39:50,207 [INFO] ApplicationProperties:181 - Using Application install path: C:\ST\STM32CubeIDE_1.5.1\STM32CubeIDE\plugins\com.st.stm32cube.common.mx_6.1.1.202012091304
2021-04-19 12:39:50,441 [INFO] MainUpdater:2644 - connection check result : 10
2021-04-19 12:39:50,448 [INFO] MainUpdater:249 - Updater Check For Update Now.
2021-04-19 12:39:50,448 [INFO] MicroXplorer:415 - Change Database Version : DB.6.0.10
2021-04-19 12:39:50,615 [INFO] CheckServerUpdateThread:102 - End of CheckServer Thread
2021-04-19 12:39:50,721 [INFO] MainUpdater:2644 - connection check result : 10
2021-04-19 12:39:50,724 [INFO] MainUpdater:2644 - connection check result : 10
2021-04-19 12:39:50,895 [INFO] MicroXplorer:385 - Change Database Path : 
2021-04-19 12:39:50,895 [INFO] MicroXplorer:415 - Change Database Version : DB.6.0.10
2021-04-19 12:39:50,895 [WARN] ThirdParty:783 - waiting for thirdparty lock release [close project]
2021-04-19 12:39:50,897 [INFO] ThirdParty:785 - entering critical section [close project]
2021-04-19 12:39:50,897 [INFO] ThirdParty:796 - exiting critical section [close project]
2021-04-19 12:39:50,911 [INFO] PinOutPanel:1434 - setPackage(No Configuration,No Configuration)
2021-04-19 12:39:50,913 [INFO] UtilMem:74 - Begin LoadConfig() Used Memory: 322301384 Bytes (400556032)
2021-04-19 12:39:50,916 [INFO] MicroXplorer:385 - Change Database Path : 
2021-04-19 12:39:50,916 [INFO] MicroXplorer:415 - Change Database Version : DB.6.0.10
2021-04-19 12:39:50,916 [INFO] OpenFileManager:274 - Change cursor
2021-04-19 12:39:50,925 [WARN] ThirdParty:204 - Use empty third party IP manager
2021-04-19 12:39:50,963 [WARN] IntegrityCheckThread:59 - waiting for thirdparty lock release [integrity check]
2021-04-19 12:39:50,964 [INFO] IntegrityCheckThread:61 - entering critical section [integrity check]
2021-04-19 12:39:51,170 [WARN] ConditionMgr:437 - getConditionDescription Invalid condition id : SIGFOX STM32 LIB Condition cause : null
2021-04-19 12:39:51,170 [WARN] ConditionMgr:437 - getConditionDescription Invalid condition id : Sigfox Third Party LIB Condition cause : null
2021-04-19 12:39:51,177 [WARN] ConditionMgr:1040 - genDependencies : Invalid condition id : SIGFOX STM32 LIB Condition cause : null
2021-04-19 12:39:51,179 [WARN] ConditionMgr:1040 - genDependencies : Invalid condition id : Sigfox Third Party LIB Condition cause : null
2021-04-19 12:39:51,200 [WARN] ConditionMgr:1040 - genDependencies : Invalid condition id : Sigfox Third Party LIB Condition cause : null
2021-04-19 12:39:51,201 [WARN] ConditionMgr:1040 - genDependencies : Invalid condition id : SIGFOX STM32 LIB Condition cause : null
2021-04-19 12:39:51,201 [WARN] ConditionMgr:1040 - genDependencies : Invalid condition id : SIGFOX STM32 LIB Condition cause : null
2021-04-19 12:39:51,201 [WARN] ConditionMgr:1040 - genDependencies : Invalid condition id : Sigfox Third Party LIB Condition cause : null
2021-04-19 12:39:52,603 [INFO] ThirdParty:887 - Integrity check success = true
2021-04-19 12:39:52,603 [INFO] IntegrityCheckThread:75 - exiting critical section [integrity check]
2021-04-19 12:39:52,603 [INFO] IntegrityCheckThread:78 - End integrity checks thread
2021-04-19 12:40:01,612 [WARN] ApiManager:294 - Cannot register API 'Board Extension:S2868A1' from pack STMicroelectronics.X-CUBE-SFXS2LP1.3.0.0: no header file found
2021-04-19 12:40:01,614 [WARN] ApiManager:294 - Cannot register API 'Board Extension:S2868A2' from pack STMicroelectronics.X-CUBE-SFXS2LP1.3.0.0: no header file found
2021-04-19 12:40:01,614 [WARN] ApiManager:294 - Cannot register API 'Board Extension:S2915A1' from pack STMicroelectronics.X-CUBE-SFXS2LP1.3.0.0: no header file found
2021-04-19 12:40:01,625 [WARN] ApiManager:294 - Cannot register API 'Board Extension:S2868A1' from pack STMicroelectronics.X-CUBE-SUBG2.3.0.1: no header file found
2021-04-19 12:40:01,625 [WARN] ApiManager:294 - Cannot register API 'Board Extension:S2868A2' from pack STMicroelectronics.X-CUBE-SUBG2.3.0.1: no header file found
2021-04-19 12:40:01,625 [WARN] ApiManager:294 - Cannot register API 'Board Extension:S2915A1' from pack STMicroelectronics.X-CUBE-SUBG2.3.0.1: no header file found
2021-04-19 12:40:01,637 [WARN] ModelIntegratedComponent:51 - No mode defined for component null
2021-04-19 12:40:01,637 [WARN] ModelIntegratedComponent:51 - No mode defined for component null
2021-04-19 12:40:01,637 [WARN] ModelIntegratedComponent:51 - No mode defined for component null
2021-04-19 12:40:01,637 [WARN] ModelIntegratedComponent:51 - No mode defined for component null
2021-04-19 12:40:01,637 [WARN] ModelIntegratedComponent:51 - No mode defined for component null
2021-04-19 12:40:01,637 [WARN] ModelIntegratedComponent:51 - No mode defined for component null
2021-04-19 12:40:01,637 [WARN] ModelIntegratedComponent:51 - No mode defined for component null
2021-04-19 12:40:01,637 [WARN] ModelIntegratedComponent:51 - No mode defined for component null
2021-04-19 12:40:01,637 [WARN] ModelIntegratedComponent:51 - No mode defined for component null
2021-04-19 12:40:01,637 [WARN] ModelIntegratedComponent:51 - No mode defined for component null
2021-04-19 12:40:01,637 [WARN] ModelIntegratedComponent:51 - No mode defined for component null
2021-04-19 12:40:01,637 [WARN] ModelIntegratedComponent:51 - No mode defined for component null
2021-04-19 12:40:01,637 [WARN] ModelIntegratedComponent:51 - No mode defined for component null
2021-04-19 12:40:01,637 [WARN] ModelIntegratedComponent:51 - No mode defined for component null
2021-04-19 12:40:01,637 [WARN] ModelIntegratedComponent:51 - No mode defined for component null
2021-04-19 12:40:01,637 [WARN] ModelIntegratedComponent:51 - No mode defined for component null
2021-04-19 12:40:01,637 [WARN] ModelIntegratedComponent:51 - No mode defined for component null
2021-04-19 12:40:01,637 [WARN] ModelIntegratedComponent:51 - No mode defined for component null
2021-04-19 12:40:01,637 [WARN] ModelIntegratedComponent:51 - No mode defined for component null
2021-04-19 12:40:01,637 [WARN] ModelIntegratedComponent:51 - No mode defined for component null
2021-04-19 12:40:01,637 [WARN] ModelIntegratedComponent:51 - No mode defined for component null
2021-04-19 12:40:01,643 [WARN] ModelIntegratedComponent:51 - No mode defined for component null
2021-04-19 12:40:01,643 [WARN] ModelIntegratedComponent:51 - No mode defined for component null
2021-04-19 12:40:01,643 [WARN] ModelIntegratedComponent:51 - No mode defined for component null
2021-04-19 12:40:01,643 [WARN] ModelIntegratedComponent:51 - No mode defined for component null
2021-04-19 12:40:01,643 [WARN] ModelIntegratedComponent:51 - No mode defined for component null
2021-04-19 12:40:01,643 [WARN] ModelIntegratedComponent:51 - No mode defined for component null
2021-04-19 12:40:01,643 [WARN] ModelIntegratedComponent:51 - No mode defined for component null
2021-04-19 12:40:01,643 [WARN] ModelIntegratedComponent:51 - No mode defined for component null
2021-04-19 12:40:01,643 [WARN] ModelIntegratedComponent:51 - No mode defined for component null
2021-04-19 12:40:01,645 [WARN] ModelIntegratedComponent:51 - No mode defined for component null
2021-04-19 12:40:01,645 [WARN] ModelIntegratedComponent:51 - No mode defined for component null
2021-04-19 12:40:01,645 [WARN] ModelIntegratedComponent:51 - No mode defined for component null
2021-04-19 12:40:01,645 [WARN] ModelIntegratedComponent:51 - No mode defined for component null
2021-04-19 12:40:01,645 [WARN] ModelIntegratedComponent:51 - No mode defined for component null
2021-04-19 12:40:01,645 [WARN] ModelIntegratedComponent:51 - No mode defined for component null
2021-04-19 12:40:01,645 [WARN] ModelIntegratedComponent:51 - No mode defined for component null
2021-04-19 12:40:01,645 [WARN] ModelIntegratedComponent:51 - No mode defined for component null
2021-04-19 12:40:01,653 [WARN] ApiManager:294 - Cannot register API 'Board Extension:S2868A1' from pack STMicroelectronics.X-CUBE-SFXS2LP1.2.0.0: no header file found
2021-04-19 12:40:01,653 [WARN] ApiManager:294 - Cannot register API 'Board Extension:S2868A2' from pack STMicroelectronics.X-CUBE-SFXS2LP1.2.0.0: no header file found
2021-04-19 12:40:01,653 [WARN] ApiManager:294 - Cannot register API 'Board Extension:S2915A1' from pack STMicroelectronics.X-CUBE-SFXS2LP1.2.0.0: no header file found
2021-04-19 12:40:01,660 [WARN] ApiManager:294 - Cannot register API 'Board Extension:S2868A1' from pack STMicroelectronics.X-CUBE-SUBG2.4.0.0: no header file found
2021-04-19 12:40:01,660 [WARN] ApiManager:294 - Cannot register API 'Board Extension:S2868A2' from pack STMicroelectronics.X-CUBE-SUBG2.4.0.0: no header file found
2021-04-19 12:40:01,660 [WARN] ApiManager:294 - Cannot register API 'Board Extension:S2915A1' from pack STMicroelectronics.X-CUBE-SUBG2.4.0.0: no header file found
2021-04-19 12:40:02,003 [WARN] ApiManager:294 - Cannot register API 'Board Extension:IKS01A3' from pack STMicroelectronics.X-CUBE-MEMS1.8.2.0: no header file found
2021-04-19 12:40:02,006 [WARN] ApiManager:294 - Cannot register API 'Board Extension:IKS01A2' from pack STMicroelectronics.X-CUBE-MEMS1.8.2.0: no header file found
2021-04-19 12:40:02,006 [WARN] ApiManager:294 - Cannot register API 'Board Extension:IKS02A1' from pack STMicroelectronics.X-CUBE-MEMS1.8.2.0: no header file found
2021-04-19 12:40:02,020 [WARN] ApiManager:294 - Cannot register API 'Board Extension:EEPRMA1' from pack STMicroelectronics.X-CUBE-EEPRMA1.3.0.0: no header file found
2021-04-19 12:40:02,020 [WARN] ApiManager:294 - Cannot register API 'Board Extension:EEPRMA2' from pack STMicroelectronics.X-CUBE-EEPRMA1.3.0.0: no header file found
2021-04-19 12:40:02,434 [WARN] ApiManager:294 - Cannot register API 'Board Extension:IKS01A3' from pack STMicroelectronics.X-CUBE-MEMS1.8.3.0: no header file found
2021-04-19 12:40:02,435 [WARN] ApiManager:294 - Cannot register API 'Board Extension:IKS01A2' from pack STMicroelectronics.X-CUBE-MEMS1.8.3.0: no header file found
2021-04-19 12:40:02,435 [WARN] ApiManager:294 - Cannot register API 'Board Extension:IKS02A1' from pack STMicroelectronics.X-CUBE-MEMS1.8.3.0: no header file found
2021-04-19 12:40:02,448 [INFO] RtosManager:464 - Registered RTOS mode: class=CMSIS, group=RTOS, mode=CMSIS_V1, owner=FREERTOS
2021-04-19 12:40:02,448 [INFO] RtosManager:464 - Registered RTOS mode: class=CMSIS, group=RTOS2, mode=CMSIS_V2, owner=FREERTOS
2021-04-19 12:40:02,448 [INFO] RtosManager:464 - Registered RTOS mode: class=RTOS, group=Core, mode=CMSIS_V1, owner=FREERTOS
2021-04-19 12:40:02,448 [INFO] RtosManager:464 - Registered RTOS mode: class=RTOS, group=Core, mode=CMSIS_V2, owner=FREERTOS
2021-04-19 12:40:02,448 [WARN] ModelIntegratedComponent:182 - Missing modes for component STMicroelectronics:FreeRTOS:0.0.1:STMicroelectronics:RTOS:FreeRTOS:Core:::10.2.0:
2021-04-19 12:40:02,455 [WARN] ApiManager:294 - Cannot register API 'Board Extension:GNSS1A1' from pack STMicroelectronics.X-CUBE-GNSS1.5.1.0: no header file found
2021-04-19 12:40:02,455 [WARN] ApiManager:294 - Cannot register API 'Board Support:Custom' from pack STMicroelectronics.X-CUBE-GNSS1.5.1.0: no header file found
2021-04-19 12:40:02,456 [WARN] ApiManager:294 - Cannot register API 'Data Exchange:lib_gnss' from pack STMicroelectronics.X-CUBE-GNSS1.5.1.0: no header file found
2021-04-19 12:40:02,457 [WARN] ApiManager:294 - Cannot register API 'Board Extension:GNSS1A1' from pack STMicroelectronics.X-CUBE-GNSS1.5.2.0: no header file found
2021-04-19 12:40:02,457 [WARN] ApiManager:294 - Cannot register API 'Board Support:Custom' from pack STMicroelectronics.X-CUBE-GNSS1.5.2.0: no header file found
2021-04-19 12:40:02,457 [WARN] ApiManager:294 - Cannot register API 'Data Exchange:lib_gnss' from pack STMicroelectronics.X-CUBE-GNSS1.5.2.0: no header file found
2021-04-19 12:40:02,457 [WARN] ApiManager:294 - Cannot register API 'Wireless:BlueNRG-MS' from pack STMicroelectronics.X-CUBE-BLE1.6.1.0: no header file found
2021-04-19 12:40:02,460 [WARN] ApiManager:294 - Cannot register API 'Board Extension:NFC04A1' from pack STMicroelectronics.X-CUBE-NFC4.2.0.2: no header file found
2021-04-19 12:40:02,460 [WARN] ApiManager:294 - Cannot register API 'Board Extension:NFC04A1' from pack STMicroelectronics.X-CUBE-NFC4.2.0.1: no header file found
2021-04-19 12:40:02,465 [WARN] ApiManager:294 - Cannot register API 'Wireless:BlueNRG-2' from pack STMicroelectronics.X-CUBE-BLE2.3.1.0: no header file found
2021-04-19 12:40:02,465 [WARN] ApiManager:294 - Cannot register API 'Wireless:BlueNRG-2' from pack STMicroelectronics.X-CUBE-BLE2.3.2.0: no header file found
2021-04-19 12:40:03,620 [INFO] RtosManager:778 - Current active RTOS is FREERTOS [Cortex-M7NS]
2021-04-19 12:40:03,625 [INFO] ImportTextPane:162 - (OptionalMessage_ERROR) IP (ADC3) : Parameter (Channel) has Id (IN5) currently not set
2021-04-19 12:40:03,625 [INFO] ImportTextPane:162 - (OptionalMessage_ERROR) IP (ADC3) : Parameter (Channel) has Id (IN4) currently not set
2021-04-19 12:40:03,645 [WARN] IP:2091 - LayerIdx_L1 not found: check if there is a RefParameter without a condition.
2021-04-19 12:40:03,650 [INFO] ImportTextPane:162 - (OptionalMessage_ERROR) IP (RCC) : Invalid parameter (FamilyName)
2021-04-19 12:40:03,655 [WARN] IP:2091 - OutPutPullUp not found: check if there is a RefParameter without a condition.
2021-04-19 12:40:03,660 [WARN] IP:2091 - OutPutPullUp not found: check if there is a RefParameter without a condition.
2021-04-19 12:40:05,139 [INFO] UtilMem:74 - End LoadConfig() Used Memory: 388727536 Bytes (643825664)
2021-04-19 12:40:05,141 [INFO] DbMcusXml:97 - Load MCU database from C:\ST\STM32CubeIDE_1.5.1\STM32CubeIDE\plugins\com.st.stm32cube.common.mx_6.1.1.202012091304\\db\/mcu/families.xml
2021-04-19 12:40:06,271 [INFO] DbMcusJson:92 - JSON generation date=Thu Nov 05 17:05:07 CET 2020 (1604592307)
2021-04-19 12:40:07,821 [INFO] DbMcus:176 - Found 1835 MCUs (1796 are supported by CubeMX, 1796 are visible in CubeMX)
2021-04-19 12:40:07,826 [INFO] ApiDb:238 - Load user favorites file C:\Users\thoma/.stm32cubeide/favorites.mcus.txt: 0 item(s)
2021-04-19 12:40:07,826 [INFO] ApiDb:242 - User favorites MCUs=[]
2021-04-19 12:40:07,826 [INFO] DbMcus:188 - Set 0 / 0 favorites MCUs
2021-04-19 12:40:07,833 [WARN] ThirdParty:749 - waiting for thirdparty lock release [change project]
2021-04-19 12:40:07,833 [INFO] ThirdParty:751 - entering critical section [change project]
2021-04-19 12:40:07,833 [INFO] ThirdParty:939 - CMSIS Pack Vendor :RoweBots I-CUBE-UNISONRTOS 5.5.0-4
2021-04-19 12:40:07,833 [INFO] ThirdParty:939 - CMSIS Pack Vendor :STMicroelectronics X-CUBE-SFXS2LP1 3.0.0
2021-04-19 12:40:07,833 [INFO] ThirdParty:939 - CMSIS Pack Vendor :STMicroelectronics USB_HOST 2.0.0
2021-04-19 12:40:07,833 [INFO] ThirdParty:939 - CMSIS Pack Vendor :STMicroelectronics X-CUBE-SUBG2 3.0.1
2021-04-19 12:40:07,833 [INFO] ThirdParty:939 - CMSIS Pack Vendor :STMicroelectronics USB_DEVICE 3.0.0
2021-04-19 12:40:07,833 [INFO] ThirdParty:939 - CMSIS Pack Vendor :STMicroelectronics HAL Drivers 0.0.0
2021-04-19 12:40:07,833 [INFO] ThirdParty:939 - CMSIS Pack Vendor :STMicroelectronics MBEDTLS 2.16.2
2021-04-19 12:40:07,833 [INFO] ThirdParty:939 - CMSIS Pack Vendor :STMicroelectronics X-CUBE-SFXS2LP1 2.0.0
2021-04-19 12:40:07,833 [INFO] ThirdParty:939 - CMSIS Pack Vendor :STMicroelectronics MBEDTLS 2.14.1
2021-04-19 12:40:07,833 [INFO] ThirdParty:939 - CMSIS Pack Vendor :STMicroelectronics X-CUBE-SUBG2 4.0.0
2021-04-19 12:40:07,833 [INFO] ThirdParty:939 - CMSIS Pack Vendor :STMicroelectronics X-CUBE-TOF1 1.0.0
2021-04-19 12:40:07,835 [INFO] ThirdParty:939 - CMSIS Pack Vendor :STMicroelectronics X-CUBE-AZRTOS-H7 1.0.0
2021-04-19 12:40:07,835 [INFO] ThirdParty:939 - CMSIS Pack Vendor :STMicroelectronics USB_DEVICE 2.0.0
2021-04-19 12:40:07,835 [INFO] ThirdParty:939 - CMSIS Pack Vendor :STMicroelectronics X-CUBE-MEMS1 8.2.0
2021-04-19 12:40:07,835 [INFO] ThirdParty:939 - CMSIS Pack Vendor :STMicroelectronics X-CUBE-EEPRMA1 3.0.0
2021-04-19 12:40:07,835 [INFO] ThirdParty:939 - CMSIS Pack Vendor :STMicroelectronics X-CUBE-MEMS1 8.3.0
2021-04-19 12:40:07,835 [INFO] ThirdParty:939 - CMSIS Pack Vendor :STMicroelectronics X-CUBE-DISPLAY 1.0.0
2021-04-19 12:40:07,836 [INFO] ThirdParty:939 - CMSIS Pack Vendor :STMicroelectronics FreeRTOS 0.0.1
2021-04-19 12:40:07,836 [INFO] ThirdParty:939 - CMSIS Pack Vendor :STMicroelectronics USB_DEVICE 1.0.0
2021-04-19 12:40:07,836 [INFO] ThirdParty:939 - CMSIS Pack Vendor :STMicroelectronics X-CUBE-AI 6.0.0
2021-04-19 12:40:07,836 [INFO] ThirdParty:939 - CMSIS Pack Vendor :STMicroelectronics X-CUBE-ALGOBUILD 1.1.0
2021-04-19 12:40:07,836 [INFO] ThirdParty:939 - CMSIS Pack Vendor :STMicroelectronics X-CUBE-ALGOBUILD 1.2.0
2021-04-19 12:40:07,836 [INFO] ThirdParty:939 - CMSIS Pack Vendor :STMicroelectronics X-CUBE-GNSS1 5.1.0
2021-04-19 12:40:07,836 [INFO] ThirdParty:939 - CMSIS Pack Vendor :STMicroelectronics X-CUBE-GNSS1 5.2.0
2021-04-19 12:40:07,836 [INFO] ThirdParty:939 - CMSIS Pack Vendor :STMicroelectronics X-CUBE-BLE1 6.1.0
2021-04-19 12:40:07,838 [INFO] ThirdParty:939 - CMSIS Pack Vendor :STMicroelectronics lwIP 2.0.3
2021-04-19 12:40:07,838 [INFO] ThirdParty:939 - CMSIS Pack Vendor :STMicroelectronics lwIP 2.1.2
2021-04-19 12:40:07,838 [INFO] ThirdParty:939 - CMSIS Pack Vendor :STMicroelectronics USB_HOST 1.0.0
2021-04-19 12:40:07,838 [INFO] ThirdParty:939 - CMSIS Pack Vendor :STMicroelectronics X-CUBE-NFC4 2.0.2
2021-04-19 12:40:07,838 [INFO] ThirdParty:939 - CMSIS Pack Vendor :STMicroelectronics X-CUBE-NFC4 2.0.1
2021-04-19 12:40:07,838 [INFO] ThirdParty:939 - CMSIS Pack Vendor :wolfSSL I-CUBE-wolfSSL 4.7.0
2021-04-19 12:40:07,838 [INFO] ThirdParty:939 - CMSIS Pack Vendor :STMicroelectronics X-CUBE-TOUCHGFX 4.16.1
2021-04-19 12:40:07,838 [INFO] ThirdParty:939 - CMSIS Pack Vendor :STMicroelectronics X-CUBE-AI 5.2.0
2021-04-19 12:40:07,838 [INFO] ThirdParty:939 - CMSIS Pack Vendor :STMicroelectronics PDM2PCM 3.1.0
2021-04-19 12:40:07,840 [INFO] ThirdParty:939 - CMSIS Pack Vendor :STMicroelectronics X-CUBE-TOUCHGFX 4.16.0
2021-04-19 12:40:07,840 [INFO] ThirdParty:939 - CMSIS Pack Vendor :STMicroelectronics PDM2PCM 3.2.0
2021-04-19 12:40:07,840 [INFO] ThirdParty:939 - CMSIS Pack Vendor :STMicroelectronics X-CUBE-BLE2 3.1.0
2021-04-19 12:40:07,840 [INFO] ThirdParty:939 - CMSIS Pack Vendor :STMicroelectronics PDM2PCM 3.3.0
2021-04-19 12:40:07,840 [INFO] ThirdParty:939 - CMSIS Pack Vendor :STMicroelectronics X-CUBE-BLE2 3.2.0
2021-04-19 12:40:07,840 [INFO] ThirdParty:757 - exiting critical section [change project]
2021-04-19 12:40:08,816 [INFO] PinOutPanel:1434 - setPackage(No Configuration,No Configuration)
2021-04-19 12:40:08,817 [INFO] PinOutPanel:1434 - setPackage(STM32F746NGHx,TFBGA216)
2021-04-19 12:40:10,560 [INFO] UtilMem:74 - Before build in PCC Used Memory: 586400456 Bytes (687865856)
2021-04-19 12:40:11,736 [INFO] SharedServices:72 - Folder for power plug-in: C:/Users/thoma/.stm32cubemx/plugins/power
2021-04-19 12:40:11,815 [INFO] SharedServices:72 - Folder for power plug-in: C:/Users/thoma/.stm32cubemx/plugins/power
2021-04-19 12:40:11,908 [INFO] SharedServices:72 - Folder for power plug-in: C:/Users/thoma/.stm32cubemx/plugins/power
2021-04-19 12:40:11,922 [INFO] SharedServices:72 - Folder for power plug-in: C:/Users/thoma/.stm32cubemx/plugins/power
2021-04-19 12:40:12,264 [INFO] UtilMem:74 - After build in PCC Used Memory: 486263488 Bytes (687865856)
2021-04-19 12:40:12,477 [INFO] ApiDbMcu:456 - Load IP Config File for FREERTOS
2021-04-19 12:40:12,621 [INFO] IPUIPlugin:64 - create IPUIPlugin
2021-04-19 12:40:12,622 [INFO] IPUIPlugin:64 - create IPUIPlugin
2021-04-19 12:40:12,622 [INFO] IPUIPlugin:64 - create IPUIPlugin
2021-04-19 12:40:12,622 [INFO] IPUIPlugin:64 - create IPUIPlugin
2021-04-19 12:40:12,622 [INFO] IPUIPlugin:64 - create IPUIPlugin
2021-04-19 12:40:12,623 [INFO] IPUIPlugin:64 - create IPUIPlugin
2021-04-19 12:40:12,623 [INFO] IPUIPlugin:64 - create IPUIPlugin
2021-04-19 12:40:12,624 [INFO] IPUIPlugin:64 - create IPUIPlugin
2021-04-19 12:40:12,624 [INFO] IPUIPlugin:64 - create IPUIPlugin
2021-04-19 12:40:12,625 [INFO] IPUIPlugin:64 - create IPUIPlugin
2021-04-19 12:40:12,625 [INFO] IPUIPlugin:64 - create IPUIPlugin
2021-04-19 12:40:12,626 [INFO] IPUIPlugin:64 - create IPUIPlugin
2021-04-19 12:40:12,626 [INFO] IPUIPlugin:64 - create IPUIPlugin
2021-04-19 12:40:12,626 [INFO] IPUIPlugin:64 - create IPUIPlugin
2021-04-19 12:40:12,626 [INFO] IPUIPlugin:64 - create IPUIPlugin
2021-04-19 12:40:12,626 [INFO] IPUIPlugin:64 - create IPUIPlugin
2021-04-19 12:40:12,626 [INFO] IPUIPlugin:64 - create IPUIPlugin
2021-04-19 12:40:12,626 [INFO] IPUIPlugin:64 - create IPUIPlugin
2021-04-19 12:40:12,626 [INFO] IPUIPlugin:64 - create IPUIPlugin
2021-04-19 12:40:12,626 [INFO] IPUIPlugin:64 - create IPUIPlugin
2021-04-19 12:40:12,626 [INFO] IPUIPlugin:64 - create IPUIPlugin
2021-04-19 12:40:12,626 [INFO] IPUIPlugin:64 - create IPUIPlugin
2021-04-19 12:40:12,631 [INFO] IPUIPlugin:64 - create IPUIPlugin
2021-04-19 12:40:12,631 [INFO] IPUIPlugin:64 - create IPUIPlugin
2021-04-19 12:40:12,632 [INFO] IPUIPlugin:64 - create IPUIPlugin
2021-04-19 12:40:12,633 [INFO] IPUIPlugin:64 - create IPUIPlugin
2021-04-19 12:40:12,633 [INFO] IPUIPlugin:64 - create IPUIPlugin
2021-04-19 12:40:12,634 [INFO] IPUIPlugin:64 - create IPUIPlugin
2021-04-19 12:40:12,634 [INFO] IPUIPlugin:64 - create IPUIPlugin
2021-04-19 12:40:12,636 [INFO] IPUIPlugin:64 - create IPUIPlugin
2021-04-19 12:40:12,636 [INFO] IPUIPlugin:64 - create IPUIPlugin
2021-04-19 12:40:12,636 [INFO] IPUIPlugin:64 - create IPUIPlugin
2021-04-19 12:40:12,636 [INFO] IPUIPlugin:64 - create IPUIPlugin
2021-04-19 12:40:12,636 [INFO] IPUIPlugin:64 - create IPUIPlugin
2021-04-19 12:40:12,636 [INFO] IPUIPlugin:64 - create IPUIPlugin
2021-04-19 12:40:12,640 [INFO] IPUIPlugin:64 - create IPUIPlugin
2021-04-19 12:40:12,641 [INFO] IPUIPlugin:64 - create IPUIPlugin
2021-04-19 12:40:12,642 [INFO] IPUIPlugin:64 - create IPUIPlugin
2021-04-19 12:40:12,643 [INFO] IPUIPlugin:64 - create IPUIPlugin
2021-04-19 12:40:12,644 [INFO] IPUIPlugin:64 - create IPUIPlugin
2021-04-19 12:40:12,644 [INFO] IPUIPlugin:64 - create IPUIPlugin
2021-04-19 12:40:12,645 [INFO] IPUIPlugin:64 - create IPUIPlugin
2021-04-19 12:40:12,646 [INFO] IPUIPlugin:64 - create IPUIPlugin
2021-04-19 12:40:12,647 [INFO] IPUIPlugin:64 - create IPUIPlugin
2021-04-19 12:40:12,647 [INFO] IPUIPlugin:64 - create IPUIPlugin
2021-04-19 12:40:12,649 [INFO] IPUIPlugin:64 - create IPUIPlugin
2021-04-19 12:40:12,650 [INFO] IPUIPlugin:64 - create IPUIPlugin
2021-04-19 12:40:12,650 [INFO] IPUIPlugin:64 - create IPUIPlugin
2021-04-19 12:40:12,651 [INFO] IPUIPlugin:64 - create IPUIPlugin
2021-04-19 12:40:12,652 [INFO] IPUIPlugin:64 - create IPUIPlugin
2021-04-19 12:40:12,653 [INFO] IPUIPlugin:64 - create IPUIPlugin
2021-04-19 12:40:12,654 [INFO] IPUIPlugin:64 - create IPUIPlugin
2021-04-19 12:40:12,655 [INFO] IPUIPlugin:64 - create IPUIPlugin
2021-04-19 12:40:12,656 [INFO] IPUIPlugin:64 - create IPUIPlugin
2021-04-19 12:40:12,657 [INFO] IPUIPlugin:64 - create IPUIPlugin
2021-04-19 12:40:12,658 [INFO] IPUIPlugin:64 - create IPUIPlugin
2021-04-19 12:40:12,659 [INFO] IPUIPlugin:64 - create IPUIPlugin
2021-04-19 12:40:12,659 [INFO] IPUIPlugin:64 - create IPUIPlugin
2021-04-19 12:40:12,661 [INFO] IPUIPlugin:64 - create IPUIPlugin
2021-04-19 12:40:12,661 [INFO] IPUIPlugin:64 - create IPUIPlugin
2021-04-19 12:40:12,663 [INFO] IPUIPlugin:64 - create IPUIPlugin
2021-04-19 12:40:12,664 [INFO] IPUIPlugin:64 - create IPUIPlugin
2021-04-19 12:40:12,664 [INFO] IPUIPlugin:64 - create IPUIPlugin
2021-04-19 12:40:12,665 [INFO] IPUIPlugin:64 - create IPUIPlugin
2021-04-19 12:40:12,665 [INFO] IPUIPlugin:64 - create IPUIPlugin
2021-04-19 12:40:12,665 [INFO] IPUIPlugin:64 - create IPUIPlugin
2021-04-19 12:40:12,681 [INFO] IPUIPlugin:64 - create IPUIPlugin
2021-04-19 12:40:12,682 [INFO] IPUIPlugin:64 - create IPUIPlugin
2021-04-19 12:40:12,683 [INFO] IPUIPlugin:64 - create IPUIPlugin
2021-04-19 12:40:12,685 [INFO] IPUIPlugin:64 - create IPUIPlugin
2021-04-19 12:40:12,686 [INFO] IPUIPlugin:64 - create IPUIPlugin
2021-04-19 12:40:12,687 [INFO] IPUIPlugin:64 - create IPUIPlugin
2021-04-19 12:40:12,687 [INFO] IPUIPlugin:64 - create IPUIPlugin
2021-04-19 12:40:12,687 [INFO] IPUIPlugin:64 - create IPUIPlugin
2021-04-19 12:40:12,715 [INFO] ApiDbMcu:456 - Load IP Config File for PDM2PCM
2021-04-19 12:40:12,864 [WARN] FreeRTOS:980 - Null or empty value: should not occur! (nothing added to the table)
2021-04-19 12:40:12,907 [INFO] LogOutputStream:76 - [STDOUT_REDIRECT] toolchainItems.length=====1
2021-04-19 12:40:13,161 [INFO] RtosManager:591 - Active RTOS found at IOC load: FREERTOS [Cortex-M7NS]
2021-04-19 12:40:13,171 [INFO] OpenFileManager:294 - Restore cursor
2021-04-19 12:40:13,553 [WARN] IP:2091 - LayerIdx_L1 not found: check if there is a RefParameter without a condition.
2021-04-19 12:40:13,968 [WARN] IP:2091 - OutPutPullUp not found: check if there is a RefParameter without a condition.
2021-04-19 12:40:13,968 [WARN] IP:2091 - OutPutPullUp not found: check if there is a RefParameter without a condition.
2021-04-19 12:40:13,968 [WARN] IP:2091 - OutPutPullUp not found: check if there is a RefParameter without a condition.
2021-04-19 12:40:13,976 [WARN] IP:2091 - OutPutPullUp not found: check if there is a RefParameter without a condition.
2021-04-19 12:40:13,980 [WARN] IP:2091 - OutPutPullUp not found: check if there is a RefParameter without a condition.
2021-04-19 12:40:13,982 [WARN] IP:2091 - OutPutPullUp not found: check if there is a RefParameter without a condition.
2021-04-19 12:40:22,720 [ERROR] RtosPanel:542 - Can not restore the selected Tab for FREERTOS(A reason can be that the tab is no more available.)
2021-04-19 12:40:24,925 [INFO] TasksAndQueuesTab:731 - Dynamic
2021-04-19 12:40:24,926 [WARN] TasksAndQueuesTab:737 - 128 128
2021-04-19 12:40:24,926 [WARN] TasksAndQueuesTab:749 - max value is: 8192.0
2021-04-19 12:40:24,926 [INFO] TasksAndQueuesTab:731 - Dynamic
2021-04-19 12:40:24,926 [WARN] TasksAndQueuesTab:737 - 1024 128
2021-04-19 12:40:24,926 [WARN] TasksAndQueuesTab:749 - max value is: 8192.0
2021-04-19 12:40:24,926 [INFO] TasksAndQueuesTab:731 - Dynamic
2021-04-19 12:40:24,927 [WARN] TasksAndQueuesTab:737 - 128 128
2021-04-19 12:40:24,927 [WARN] TasksAndQueuesTab:749 - max value is: 8192.0
2021-04-19 12:40:34,275 [INFO] EditThreadDialog:688 - RAM SIZE (in KB): 320
2021-04-19 12:40:34,275 [INFO] EditThreadDialog:690 - RAM SIZE (in words): 81920
2021-04-19 12:41:33,200 [INFO] TasksAndQueuesTab:731 - Dynamic
2021-04-19 12:41:33,200 [WARN] TasksAndQueuesTab:737 - 128 128
2021-04-19 12:41:33,200 [WARN] TasksAndQueuesTab:749 - max value is: 8192.0
2021-04-19 12:41:33,200 [INFO] TasksAndQueuesTab:731 - Dynamic
2021-04-19 12:41:33,200 [WARN] TasksAndQueuesTab:737 - 1024 128
2021-04-19 12:41:33,200 [WARN] TasksAndQueuesTab:749 - max value is: 8192.0
2021-04-19 12:41:33,200 [INFO] TasksAndQueuesTab:731 - Dynamic
2021-04-19 12:41:33,200 [WARN] TasksAndQueuesTab:737 - 128 128
2021-04-19 12:41:33,200 [WARN] TasksAndQueuesTab:749 - max value is: 8192.0
2021-04-19 12:41:33,205 [INFO] TasksAndQueuesTab:731 - Dynamic
2021-04-19 12:41:33,205 [WARN] TasksAndQueuesTab:737 - 1024 128
2021-04-19 12:41:33,205 [WARN] TasksAndQueuesTab:749 - max value is: 8192.0
2021-04-19 12:41:37,587 [INFO] UtilMem:74 - End SaveConfig() Used Memory: 570555208 Bytes (687865856)
2021-04-19 12:41:42,241 [INFO] UtilMem:74 - End SaveConfig() Used Memory: 405059608 Bytes (687865856)
2021-04-19 12:41:43,176 [INFO] BlockDiagram:2735 - set Specific Code input for plugin: SPI
2021-04-19 12:41:43,176 [INFO] BlockDiagram:2735 - set Specific Code input for plugin: FREERTOS
2021-04-19 12:41:43,176 [INFO] BlockDiagram:2735 - set Specific Code input for plugin: TIM1_8F7
2021-04-19 12:41:43,176 [INFO] BlockDiagram:2735 - set Specific Code input for plugin: TIM1_8F7
2021-04-19 12:41:43,176 [INFO] BlockDiagram:2735 - set Specific Code input for plugin: TIM1_8F7
2021-04-19 12:41:43,176 [INFO] BlockDiagram:2735 - set Specific Code input for plugin: TIM1_8F7
2021-04-19 12:41:43,180 [INFO] BlockDiagram:2735 - set Specific Code input for plugin: LTDC
2021-04-19 12:41:43,180 [INFO] BlockDiagram:2735 - set Specific Code input for plugin: SYS
2021-04-19 12:41:43,180 [INFO] BlockDiagram:2735 - set Specific Code input for plugin: ADC
2021-04-19 12:41:43,180 [INFO] BlockDiagram:2735 - set Specific Code input for plugin: ADC
2021-04-19 12:41:43,180 [INFO] BlockDiagram:2735 - set Specific Code input for plugin: RCC
2021-04-19 12:41:43,180 [INFO] BlockDiagram:2735 - set Specific Code input for plugin: I2C
2021-04-19 12:41:43,180 [INFO] BlockDiagram:2735 - set Specific Code input for plugin: I2C
2021-04-19 12:41:43,180 [INFO] BlockDiagram:2735 - set Specific Code input for plugin: RTC
2021-04-19 12:41:43,180 [INFO] BlockDiagram:2735 - set Specific Code input for plugin: NVIC
2021-04-19 12:41:43,180 [INFO] BlockDiagram:2735 - set Specific Code input for plugin: DMA2D
2021-04-19 12:41:43,180 [INFO] BlockDiagram:2735 - set Specific Code input for plugin: USART
2021-04-19 12:41:43,180 [INFO] BlockDiagram:2735 - set Specific Code input for plugin: USART
2021-04-19 12:41:43,180 [INFO] BlockDiagram:2735 - set Specific Code input for plugin: FMC
2021-04-19 12:41:43,180 [INFO] BlockDiagram:2735 - set Specific Code input for plugin: UART
2021-04-19 12:41:43,180 [INFO] BlockDiagram:2735 - set Specific Code input for plugin: DAC
2021-04-19 12:41:43,180 [INFO] BlockDiagram:2735 - set Specific Code input for plugin: TIM1_8F7
2021-04-19 12:41:43,184 [INFO] BlockDiagram:2735 - set Specific Code input for plugin: GPIO
2021-04-19 12:41:43,186 [INFO] CodeGenerator:639 - code generatio: config db path: C:\ST\STM32CubeIDE_1.5.1\STM32CubeIDE\plugins\com.st.stm32cube.common.mx_6.1.1.202012091304\\db\
2021-04-19 12:41:43,310 [WARN] IP:2091 - LayerIdx_L1 not found: check if there is a RefParameter without a condition.
2021-04-19 12:41:43,379 [WARN] IP:2091 - OutPutPullUp not found: check if there is a RefParameter without a condition.
2021-04-19 12:41:43,381 [WARN] IP:2091 - OutPutPullUp not found: check if there is a RefParameter without a condition.
2021-04-19 12:41:43,384 [WARN] IP:2091 - OutPutPullUp not found: check if there is a RefParameter without a condition.
2021-04-19 12:41:51,316 [INFO] CodeEngine:229 - oldGeneratedFile, C:\Users\thoma\Desktop\II_miniprojet\mini_projet\MXTmpFiles\license.tmp_save
2021-04-19 12:41:52,015 [INFO] CodeEngine:247 - Generated code: C:\Users\thoma\Desktop\II_miniprojet\mini_projet\MXTmpFiles\license.tmp
2021-04-19 12:41:52,721 [INFO] CodeEngine:229 - oldGeneratedFile, C:\Users\thoma\Desktop\II_miniprojet\mini_projet\MXTmpFiles\gpio.tmp_save
2021-04-19 12:41:52,965 [INFO] CodeEngine:247 - Generated code: C:\Users\thoma\Desktop\II_miniprojet\mini_projet\MXTmpFiles\gpio.tmp
2021-04-19 12:41:56,331 [ERROR] IPConfigManager:1476 - ERROR: the RefConfig FASTMODE_Config is not available in your config.xml file
2021-04-19 12:41:56,768 [ERROR] IPConfigManager:1476 - ERROR: the RefConfig FASTMODE_Config is not available in your config.xml file
2021-04-19 12:41:57,785 [WARN] IP:2091 - OutPutPullUp not found: check if there is a RefParameter without a condition.
2021-04-19 12:41:57,787 [WARN] IP:2091 - OutPutPullUp not found: check if there is a RefParameter without a condition.
2021-04-19 12:42:01,842 [INFO] LogOutputStream:76 - [STDOUT_REDIRECT] Command line
2021-04-19 12:42:01,895 [INFO] Middleware:1252 - No code input for Bsp Dependency
2021-04-19 12:42:01,910 [INFO] CodeEngine:229 - oldGeneratedFile, C:\Users\thoma\Desktop\II_miniprojet\mini_projet\MXTmpFiles\rtos_inc.tmp_save
2021-04-19 12:42:02,060 [INFO] CodeEngine:247 - Generated code: C:\Users\thoma\Desktop\II_miniprojet\mini_projet\MXTmpFiles\rtos_inc.tmp
2021-04-19 12:42:02,066 [INFO] CodeEngine:229 - oldGeneratedFile, C:\Users\thoma\Desktop\II_miniprojet\mini_projet\MXTmpFiles\rtos_vars.tmp_save
2021-04-19 12:42:02,225 [INFO] CodeEngine:247 - Generated code: C:\Users\thoma\Desktop\II_miniprojet\mini_projet\MXTmpFiles\rtos_vars.tmp
2021-04-19 12:42:02,233 [INFO] CodeEngine:229 - oldGeneratedFile, C:\Users\thoma\Desktop\II_miniprojet\mini_projet\MXTmpFiles\rtos_pfp.tmp_save
2021-04-19 12:42:02,375 [INFO] CodeEngine:247 - Generated code: C:\Users\thoma\Desktop\II_miniprojet\mini_projet\MXTmpFiles\rtos_pfp.tmp
2021-04-19 12:42:02,399 [INFO] CodeEngine:229 - oldGeneratedFile, C:\Users\thoma\Desktop\II_miniprojet\mini_projet\MXTmpFiles\rtos_obj_creat.tmp_save
2021-04-19 12:42:02,554 [INFO] CodeEngine:247 - Generated code: C:\Users\thoma\Desktop\II_miniprojet\mini_projet\MXTmpFiles\rtos_obj_creat.tmp
2021-04-19 12:42:02,563 [INFO] CodeEngine:229 - oldGeneratedFile, C:\Users\thoma\Desktop\II_miniprojet\mini_projet\MXTmpFiles\rtos_kernelStart.tmp_save
2021-04-19 12:42:02,667 [INFO] CodeEngine:247 - Generated code: C:\Users\thoma\Desktop\II_miniprojet\mini_projet\MXTmpFiles\rtos_kernelStart.tmp
2021-04-19 12:42:02,676 [INFO] CodeEngine:229 - oldGeneratedFile, C:\Users\thoma\Desktop\II_miniprojet\mini_projet\MXTmpFiles\rtos_default_thread.tmp_save
2021-04-19 12:42:02,777 [INFO] CodeEngine:247 - Generated code: C:\Users\thoma\Desktop\II_miniprojet\mini_projet\MXTmpFiles\rtos_default_thread.tmp
2021-04-19 12:42:02,780 [INFO] CodeEngine:229 - oldGeneratedFile, C:\Users\thoma\Desktop\II_miniprojet\mini_projet\MXTmpFiles\rtos_threads.tmp_save
2021-04-19 12:42:02,880 [INFO] CodeEngine:247 - Generated code: C:\Users\thoma\Desktop\II_miniprojet\mini_projet\MXTmpFiles\rtos_threads.tmp
2021-04-19 12:42:02,889 [INFO] CodeEngine:229 - oldGeneratedFile, C:\Users\thoma\Desktop\II_miniprojet\mini_projet\Core\Inc\FreeRTOSConfig.h_save
2021-04-19 12:42:03,035 [INFO] CodeEngine:247 - Generated code: C:\Users\thoma\Desktop\II_miniprojet\mini_projet\Core\Inc\FreeRTOSConfig.h
2021-04-19 12:42:03,045 [INFO] CodeEngine:229 - oldGeneratedFile, C:\Users\thoma\Desktop\II_miniprojet\mini_projet\Core\Src\freertos.c_save
2021-04-19 12:42:03,209 [INFO] CodeEngine:247 - Generated code: C:\Users\thoma\Desktop\II_miniprojet\mini_projet\Core\Src\freertos.c
2021-04-19 12:42:03,211 [INFO] LogOutputStream:76 - [STDOUT_REDIRECT] Command line
2021-04-19 12:42:03,219 [INFO] LogOutputStream:76 - [STDOUT_REDIRECT] Command line
2021-04-19 12:42:03,229 [INFO] CodeEngine:229 - oldGeneratedFile, C:\Users\thoma\Desktop\II_miniprojet\mini_projet\MXTmpFiles\cortex.tmp_save
2021-04-19 12:42:03,406 [INFO] CodeEngine:247 - Generated code: C:\Users\thoma\Desktop\II_miniprojet\mini_projet\MXTmpFiles\cortex.tmp
2021-04-19 12:42:03,408 [INFO] LogOutputStream:76 - [STDOUT_REDIRECT] Command line
2021-04-19 12:42:03,408 [INFO] LogOutputStream:76 - [STDOUT_REDIRECT] Command line
2021-04-19 12:42:03,413 [INFO] LogOutputStream:76 - [STDOUT_REDIRECT] Command line
2021-04-19 12:42:03,426 [INFO] CodeEngine:229 - oldGeneratedFile, C:\Users\thoma\Desktop\II_miniprojet\mini_projet\MXTmpFiles\mx_fmc_HC.tmp_save
2021-04-19 12:42:03,565 [INFO] CodeEngine:247 - Generated code: C:\Users\thoma\Desktop\II_miniprojet\mini_projet\MXTmpFiles\mx_fmc_HC.tmp
2021-04-19 12:42:03,575 [INFO] CodeEngine:229 - oldGeneratedFile, C:\Users\thoma\Desktop\II_miniprojet\mini_projet\MXTmpFiles\mx_fmc_GV.tmp_save
2021-04-19 12:42:03,663 [INFO] CodeEngine:247 - Generated code: C:\Users\thoma\Desktop\II_miniprojet\mini_projet\MXTmpFiles\mx_fmc_GV.tmp
2021-04-19 12:42:03,673 [INFO] CodeEngine:229 - oldGeneratedFile, C:\Users\thoma\Desktop\II_miniprojet\mini_projet\MXTmpFiles\mx_fmc_MSP.tmp_save
2021-04-19 12:42:03,820 [INFO] CodeEngine:247 - Generated code: C:\Users\thoma\Desktop\II_miniprojet\mini_projet\MXTmpFiles\mx_fmc_MSP.tmp
2021-04-19 12:42:03,820 [INFO] LogOutputStream:76 - [STDOUT_REDIRECT] Command line
2021-04-19 12:42:03,829 [INFO] LogOutputStream:76 - [STDOUT_REDIRECT] Command line
2021-04-19 12:42:03,832 [INFO] LogOutputStream:76 - [STDOUT_REDIRECT] Command line
2021-04-19 12:42:03,835 [INFO] LogOutputStream:76 - [STDOUT_REDIRECT] Command line
2021-04-19 12:42:03,840 [INFO] LogOutputStream:76 - [STDOUT_REDIRECT] Command line
2021-04-19 12:42:03,861 [INFO] LogOutputStream:76 - [STDOUT_REDIRECT] Command line
2021-04-19 12:42:03,917 [INFO] CodeEngine:229 - oldGeneratedFile, C:\Users\thoma\Desktop\II_miniprojet\mini_projet\Core\Src\stm32f7xx_it.c_save
2021-04-19 12:42:04,155 [INFO] CodeEngine:247 - Generated code: C:\Users\thoma\Desktop\II_miniprojet\mini_projet\Core\Src\stm32f7xx_it.c
2021-04-19 12:42:04,171 [INFO] CodeEngine:229 - oldGeneratedFile, C:\Users\thoma\Desktop\II_miniprojet\mini_projet\Core\Inc\stm32f7xx_it.h_save
2021-04-19 12:42:04,310 [INFO] CodeEngine:247 - Generated code: C:\Users\thoma\Desktop\II_miniprojet\mini_projet\Core\Inc\stm32f7xx_it.h
2021-04-19 12:42:04,355 [INFO] CodeEngine:229 - oldGeneratedFile, C:\Users\thoma\Desktop\II_miniprojet\mini_projet\MXTmpFiles\mx_fmc_HC.tmp_save
2021-04-19 12:42:04,538 [INFO] CodeEngine:247 - Generated code: C:\Users\thoma\Desktop\II_miniprojet\mini_projet\MXTmpFiles\mx_fmc_HC.tmp
2021-04-19 12:42:04,548 [INFO] CodeEngine:229 - oldGeneratedFile, C:\Users\thoma\Desktop\II_miniprojet\mini_projet\MXTmpFiles\mx_fmc_GV.tmp_save
2021-04-19 12:42:04,693 [INFO] CodeEngine:247 - Generated code: C:\Users\thoma\Desktop\II_miniprojet\mini_projet\MXTmpFiles\mx_fmc_GV.tmp
2021-04-19 12:42:04,703 [INFO] CodeEngine:229 - oldGeneratedFile, C:\Users\thoma\Desktop\II_miniprojet\mini_projet\MXTmpFiles\mx_fmc_MSP.tmp_save
2021-04-19 12:42:04,875 [INFO] CodeEngine:247 - Generated code: C:\Users\thoma\Desktop\II_miniprojet\mini_projet\MXTmpFiles\mx_fmc_MSP.tmp
2021-04-19 12:42:04,905 [INFO] CodeEngine:229 - oldGeneratedFile, C:\Users\thoma\Desktop\II_miniprojet\mini_projet\Core\Src\stm32f7xx_hal_msp.c_save
2021-04-19 12:42:05,590 [INFO] CodeEngine:247 - Generated code: C:\Users\thoma\Desktop\II_miniprojet\mini_projet\Core\Src\stm32f7xx_hal_msp.c
2021-04-19 12:42:05,609 [INFO] CodeEngine:229 - oldGeneratedFile, C:\Users\thoma\Desktop\II_miniprojet\mini_projet\MXTmpFiles\system.tmp_save
2021-04-19 12:42:05,728 [INFO] CodeEngine:247 - Generated code: C:\Users\thoma\Desktop\II_miniprojet\mini_projet\MXTmpFiles\system.tmp
2021-04-19 12:42:05,738 [INFO] CodeEngine:229 - oldGeneratedFile, C:\Users\thoma\Desktop\II_miniprojet\mini_projet\Core\Src\stm32f7xx_hal_timebase_tim.c_save
2021-04-19 12:42:05,901 [INFO] CodeEngine:247 - Generated code: C:\Users\thoma\Desktop\II_miniprojet\mini_projet\Core\Src\stm32f7xx_hal_timebase_tim.c
2021-04-19 12:42:05,921 [INFO] CodeEngine:229 - oldGeneratedFile, C:\Users\thoma\Desktop\II_miniprojet\mini_projet\Core\Inc\stm32f7xx_hal_conf.h_save
2021-04-19 12:42:06,096 [INFO] CodeEngine:247 - Generated code: C:\Users\thoma\Desktop\II_miniprojet\mini_projet\Core\Inc\stm32f7xx_hal_conf.h
2021-04-19 12:42:06,198 [WARN] IPConfigManager:2967 - IP not found : TIM
2021-04-19 12:42:06,203 [WARN] CodeGenerator:3177 - IP not found : null
2021-04-19 12:42:06,220 [INFO] CodeEngine:229 - oldGeneratedFile, C:\Users\thoma\Desktop\II_miniprojet\mini_projet\Core\Inc\main.h_save
2021-04-19 12:42:06,395 [INFO] CodeEngine:247 - Generated code: C:\Users\thoma\Desktop\II_miniprojet\mini_projet\Core\Inc\main.h
2021-04-19 12:42:06,435 [INFO] CodeEngine:229 - oldGeneratedFile, C:\Users\thoma\Desktop\II_miniprojet\mini_projet\Core\Src\main.c_save
2021-04-19 12:42:07,357 [INFO] CodeEngine:247 - Generated code: C:\Users\thoma\Desktop\II_miniprojet\mini_projet\Core\Src\main.c
2021-04-19 12:42:09,019 [INFO] ProjectBuilder:2328 - Time for Copy HAL[1] : 513mS.
2021-04-19 12:42:09,045 [INFO] ProjectBuilder:3259 - Project Generator version: 3.11.2
2021-04-19 12:42:09,545 [INFO] ConfigFileManager:1238 - The Die is : DIE449
2021-04-19 12:42:09,550 [INFO] ApiDbMcu:456 - Load IP Config File for FATFS
2021-04-19 12:42:09,558 [INFO] ApiDbMcu:456 - Load IP Config File for LIBJPEG
2021-04-19 12:42:09,570 [INFO] ApiDbMcu:456 - Load IP Config File for LWIP
2021-04-19 12:42:09,605 [INFO] ApiDbMcu:456 - Load IP Config File for MBEDTLS
2021-04-19 12:42:09,620 [INFO] ApiDbMcu:456 - Load IP Config File for USB_DEVICE
2021-04-19 12:42:09,625 [INFO] ApiDbMcu:456 - Load IP Config File for USB_HOST
2021-04-19 12:42:15,105 [INFO] ProjectBuilder:3425 - Time for Generating toolchain IDE Files: 6060mS.
2021-04-19 12:42:15,107 [INFO] ProjectBuilder:2207 - Time for Copy CMSIS : 2mS.
2021-04-19 12:42:15,127 [INFO] ProjectBuilder:2207 - Time for Copy CMSIS : 2mS.
2021-04-19 12:42:15,129 [INFO] ProjectBuilder:2555 - Suppression de : freertos.c
2021-04-19 12:42:15,129 [INFO] ProjectBuilder:2555 - Suppression de : ft5336.c
2021-04-19 12:42:15,129 [INFO] ProjectBuilder:2555 - Suppression de : main.c
2021-04-19 12:42:15,129 [INFO] ProjectBuilder:2555 - Suppression de : stm32746g_discovery.c
2021-04-19 12:42:15,135 [INFO] ProjectBuilder:2555 - Suppression de : stm32746g_discovery_lcd.c
2021-04-19 12:42:15,137 [INFO] ProjectBuilder:2555 - Suppression de : stm32746g_discovery_sdram.c
2021-04-19 12:42:15,139 [INFO] ProjectBuilder:2555 - Suppression de : stm32746g_discovery_ts.c
2021-04-19 12:42:15,198 [INFO] ProjectBuilder:2555 - Suppression de : stm32f7xx_hal_msp.c
2021-04-19 12:42:15,205 [INFO] ProjectBuilder:2555 - Suppression de : stm32f7xx_hal_timebase_tim.c
2021-04-19 12:42:15,208 [INFO] ProjectBuilder:2555 - Suppression de : stm32f7xx_it.c
2021-04-19 12:42:15,210 [INFO] ProjectBuilder:2555 - Suppression de : syscalls.c
2021-04-19 12:42:15,210 [INFO] ProjectBuilder:2555 - Suppression de : sysmem.c
2021-04-19 12:42:15,210 [INFO] ProjectBuilder:2555 - Suppression de : system_stm32f7xx.c
2021-04-20 13:42:14,823 [INFO] Activator:170 - 


2021-04-20 13:42:14,831 [INFO] Activator:171 - !SESSION log4j initialized
